Removed Pin From Net: NetName=GND Pin=J?-A1-B12
Removed Pin From Net: NetName=D+ Pin=J?-A6
Removed Pin From Net: NetName=D- Pin=J?-A7
Removed Pin From Net: NetName=GND Pin=J?-B1-A12
Removed Pin From Net: NetName=D+ Pin=J?-B6
Removed Pin From Net: NetName=D- Pin=J?-B7
Change Component Designator: OldDesignator=C? NewDesignator=C1
Change Component Designator: OldDesignator=C? NewDesignator=C2
Change Component Designator: OldDesignator=C? NewDesignator=C3
Change Component Designator: OldDesignator=C? NewDesignator=C4
Change Component Designator: OldDesignator=C? NewDesignator=C5
Change Component Designator: OldDesignator=C? NewDesignator=C6
Change Component Designator: OldDesignator=C? NewDesignator=C7
Change Component Designator: OldDesignator=C? NewDesignator=C8
Change Component Designator: OldDesignator=C? NewDesignator=C9
Change Component Designator: OldDesignator=C? NewDesignator=C10
Change Component Designator: OldDesignator=C? NewDesignator=C11
Change Component Designator: OldDesignator=C? NewDesignator=C12
Change Component Designator: OldDesignator=C? NewDesignator=C13
Change Component Designator: OldDesignator=C? NewDesignator=C14
Change Component Designator: OldDesignator=C? NewDesignator=C15
Change Component Designator: OldDesignator=C? NewDesignator=C16
Change Component Designator: OldDesignator=C? NewDesignator=C17
Change Component Designator: OldDesignator=C? NewDesignator=C18
Change Component Designator: OldDesignator=D? NewDesignator=D1
Change Component Designator: OldDesignator=D? NewDesignator=D2
Change Component Designator: OldDesignator=D? NewDesignator=D3
Change Component Designator: OldDesignator=D? NewDesignator=D4
Change Component Designator: OldDesignator=D? NewDesignator=D5
Change Component Designator: OldDesignator=D? NewDesignator=D6
Change Component Designator: OldDesignator=J? NewDesignator=J1
Change Component Designator: OldDesignator=J? NewDesignator=J2
Change Component Designator: OldDesignator=J? NewDesignator=J3
Change Component Designator: OldDesignator=MD? NewDesignator=MD1
Change Component Designator: OldDesignator=Q? NewDesignator=Q1
Change Component Designator: OldDesignator=Q? NewDesignator=Q2
Change Component Designator: OldDesignator=Q? NewDesignator=Q3
Change Component Designator: OldDesignator=Q? NewDesignator=Q4
Change Component Designator: OldDesignator=Q? NewDesignator=Q5
Change Component Designator: OldDesignator=R? NewDesignator=R1
Change Component Designator: OldDesignator=R? NewDesignator=R2
Change Component Designator: OldDesignator=R? NewDesignator=R3
Change Component Designator: OldDesignator=R? NewDesignator=R4
Change Component Designator: OldDesignator=R? NewDesignator=R5
Change Component Designator: OldDesignator=R? NewDesignator=R6
Change Component Designator: OldDesignator=R? NewDesignator=R7
Change Component Designator: OldDesignator=R? NewDesignator=R8
Change Component Designator: OldDesignator=R? NewDesignator=R9
Change Component Designator: OldDesignator=R? NewDesignator=R10
Change Component Designator: OldDesignator=R? NewDesignator=R11
Change Component Designator: OldDesignator=R? NewDesignator=R12
Change Component Designator: OldDesignator=R? NewDesignator=R13
Change Component Designator: OldDesignator=R? NewDesignator=R14
Change Component Designator: OldDesignator=R? NewDesignator=R15
Change Component Designator: OldDesignator=R? NewDesignator=R16
Change Component Designator: OldDesignator=R? NewDesignator=R17
Change Component Designator: OldDesignator=R? NewDesignator=R18
Change Component Designator: OldDesignator=R? NewDesignator=R19
Change Component Designator: OldDesignator=R? NewDesignator=R20
Change Component Designator: OldDesignator=R? NewDesignator=R21
Change Component Designator: OldDesignator=R? NewDesignator=R22
Change Component Designator: OldDesignator=R? NewDesignator=R23
Change Component Designator: OldDesignator=R? NewDesignator=R24
Change Component Designator: OldDesignator=R? NewDesignator=R25
Change Component Designator: OldDesignator=R? NewDesignator=R26
Change Component Designator: OldDesignator=S? NewDesignator=S1
Change Component Designator: OldDesignator=S? NewDesignator=S2
Change Component Designator: OldDesignator=SW? NewDesignator=SW1
Change Component Designator: OldDesignator=SW? NewDesignator=SW2
Change Component Designator: OldDesignator=SW? NewDesignator=SW3
Change Component Designator: OldDesignator=SW? NewDesignator=SW4
Change Component Designator: OldDesignator=U? NewDesignator=U1
Change Component Designator: OldDesignator=U? NewDesignator=U2
Change Component Designator: OldDesignator=U? NewDesignator=U3
Change Component Designator: OldDesignator=U? NewDesignator=U4
Change Component Designator: OldDesignator=U? NewDesignator=U5
Change Component Designator: OldDesignator=U? NewDesignator=U6
Added Pin To Net: NetName=GND Pin=J3-A1-B12
Added Pin To Net: NetName=D+ Pin=J3-A6
Added Pin To Net: NetName=D- Pin=J3-A7
Added Pin To Net: NetName=GND Pin=J3-B1-A12
Added Pin To Net: NetName=D+ Pin=J3-B6
Added Pin To Net: NetName=D- Pin=J3-B7
Change Net Name : Old Net Name=NetC?_1 New Net Name=NetC2_1
Change Net Name : Old Net Name=NetC?_1 New Net Name=NetC7_1
Change Net Name : Old Net Name=NetC?_1 New Net Name=NetC8_1
Change Net Name : Old Net Name=NetC?_1 New Net Name=NetC16_1
Change Net Name : Old Net Name=NetC?_2 New Net Name=NetC18_2
Change Net Name : Old Net Name=NetD?_1 New Net Name=NetD1_1
Change Net Name : Old Net Name=NetD?_1 New Net Name=NetD2_1
Change Net Name : Old Net Name=NetJ?_1 New Net Name=NetJ1_1
Change Net Name : Old Net Name=NetJ?_2 New Net Name=NetJ1_2
Change Net Name : Old Net Name=NetQ?_1 New Net Name=NetQ2_1
Change Net Name : Old Net Name=NetQ?_1 New Net Name=NetQ3_1
Change Net Name : Old Net Name=NetQ?_3 New Net Name=NetQ1_3
Change Net Name : Old Net Name=NetR?_1 New Net Name=NetR1_1
Change Net Name : Old Net Name=NetR?_1 New Net Name=NetR4_1
Change Net Name : Old Net Name=NetR?_1 New Net Name=NetR6_1
Change Net Name : Old Net Name=NetR?_1 New Net Name=NetR7_1
Change Net Name : Old Net Name=NetR?_1 New Net Name=NetR17_1
Change Net Name : Old Net Name=NetR?_1 New Net Name=NetR19_1
Change Net Name : Old Net Name=NetR?_2 New Net Name=NetR4_2
Change Net Name : Old Net Name=NetR?_2 New Net Name=NetR21_2
Change Net Name : Old Net Name=NetR?_2 New Net Name=NetR22_2
Change Net Name : Old Net Name=NetR?_2 New Net Name=NetR24_2
Added Pin To Net: NetName=NetJ3_A4-B9 Pin=J3-A4-B9
Added Pin To Net: NetName=NetJ3_A4-B9 Pin=J3-B4-A9
Added Pin To Net: NetName=NetJ3_A4-B9 Pin=R14-2
Added Net: Name=NetJ3_A4-B9
